<?xml version="1.0" encoding="UTF-8"?>
<testng-results ignored="0" total="20" passed="20" failed="0" skipped="0">
  <reporter-output>
  </reporter-output>
  <suite started-at="2026-02-15T19:34:05 IST" name="POM-Suite" finished-at="2026-02-15T19:34:35 IST" duration-ms="30550">
    <groups>
    </groups>
    <test started-at="2026-02-15T19:34:05 IST" name="Dummy Tests Parallel Run 2" finished-at="2026-02-15T19:34:31 IST" duration-ms="26406">
      <class name="test.DummyTest">
        <test-method is-config="true" signature="setup(java.lang.String)[pri:0, instance:test.DummyTest@7817fd62]" started-at="2026-02-15T19:34:05 IST" name="setup" finished-at="2026-02-15T19:34:07 IST" duration-ms="2557" status="PASS">
          <params>
            <param index="0">
              <value>
                <![CDATA[edge]]>
              </value>
            </param>
          </params>
          <reporter-output>
          </reporter-output>
        </test-method> <!-- setup -->
        <test-method signature="test1()[pri:1, instance:test.DummyTest@7817fd62]" started-at="2026-02-15T19:34:07 IST" name="test1" finished-at="2026-02-15T19:34:07 IST" duration-ms="11" status="PASS">
          <reporter-output>
          </reporter-output>
        </test-method> <!-- test1 -->
        <test-method is-config="true" signature="setup(java.lang.String)[pri:0, instance:test.DummyTest@7817fd62]" started-at="2026-02-15T19:34:07 IST" name="setup" finished-at="2026-02-15T19:34:09 IST" duration-ms="2140" status="PASS">
          <params>
            <param index="0">
              <value>
                <![CDATA[edge]]>
              </value>
            </param>
          </params>
          <reporter-output>
          </reporter-output>
        </test-method> <!-- setup -->
        <test-method signature="test2()[pri:2, instance:test.DummyTest@7817fd62]" started-at="2026-02-15T19:34:09 IST" name="test2" finished-at="2026-02-15T19:34:09 IST" duration-ms="3" status="PASS">
          <reporter-output>
          </reporter-output>
        </test-method> <!-- test2 -->
        <test-method is-config="true" signature="setup(java.lang.String)[pri:0, instance:test.DummyTest@7817fd62]" started-at="2026-02-15T19:34:09 IST" name="setup" finished-at="2026-02-15T19:34:12 IST" duration-ms="2751" status="PASS">
          <params>
            <param index="0">
              <value>
                <![CDATA[edge]]>
              </value>
            </param>
          </params>
          <reporter-output>
          </reporter-output>
        </test-method> <!-- setup -->
        <test-method signature="test3()[pri:3, instance:test.DummyTest@7817fd62]" started-at="2026-02-15T19:34:12 IST" name="test3" finished-at="2026-02-15T19:34:12 IST" duration-ms="7" status="PASS">
          <reporter-output>
          </reporter-output>
        </test-method> <!-- test3 -->
        <test-method is-config="true" signature="setup(java.lang.String)[pri:0, instance:test.DummyTest@7817fd62]" started-at="2026-02-15T19:34:12 IST" name="setup" finished-at="2026-02-15T19:34:15 IST" duration-ms="2468" status="PASS">
          <params>
            <param index="0">
              <value>
                <![CDATA[edge]]>
              </value>
            </param>
          </params>
          <reporter-output>
          </reporter-output>
        </test-method> <!-- setup -->
        <test-method signature="loginTest()[pri:5, instance:test.DummyTest@7817fd62]" started-at="2026-02-15T19:34:15 IST" name="loginTest" finished-at="2026-02-15T19:34:15 IST" duration-ms="6" status="PASS">
          <reporter-output>
          </reporter-output>
        </test-method> <!-- loginTest -->
        <test-method is-config="true" signature="setup(java.lang.String)[pri:0, instance:test.DummyTest@7817fd62]" started-at="2026-02-15T19:34:15 IST" name="setup" finished-at="2026-02-15T19:34:17 IST" duration-ms="2769" status="PASS">
          <params>
            <param index="0">
              <value>
                <![CDATA[edge]]>
              </value>
            </param>
          </params>
          <reporter-output>
          </reporter-output>
        </test-method> <!-- setup -->
        <test-method signature="dashboardTest()[pri:4, instance:test.DummyTest@7817fd62]" started-at="2026-02-15T19:34:17 IST" name="dashboardTest" finished-at="2026-02-15T19:34:17 IST" depends-on-methods="test.DummyTest.loginTest" duration-ms="3" status="PASS">
          <reporter-output>
          </reporter-output>
        </test-method> <!-- dashboardTest -->
        <test-method is-config="true" signature="setup(java.lang.String)[pri:0, instance:test.DummyTest@7817fd62]" started-at="2026-02-15T19:34:17 IST" name="setup" finished-at="2026-02-15T19:34:20 IST" duration-ms="2701" status="PASS">
          <params>
            <param index="0">
              <value>
                <![CDATA[edge]]>
              </value>
            </param>
          </params>
          <reporter-output>
          </reporter-output>
        </test-method> <!-- setup -->
        <test-method signature="profileTest()[pri:6, instance:test.DummyTest@7817fd62]" started-at="2026-02-15T19:34:20 IST" name="profileTest" finished-at="2026-02-15T19:34:20 IST" depends-on-methods="test.DummyTest.dashboardTest" duration-ms="0" status="PASS">
          <reporter-output>
          </reporter-output>
        </test-method> <!-- profileTest -->
        <test-method is-config="true" signature="setup(java.lang.String)[pri:0, instance:test.DummyTest@7817fd62]" started-at="2026-02-15T19:34:20 IST" name="setup" finished-at="2026-02-15T19:34:23 IST" duration-ms="2652" status="PASS">
          <params>
            <param index="0">
              <value>
                <![CDATA[edge]]>
              </value>
            </param>
          </params>
          <reporter-output>
          </reporter-output>
        </test-method> <!-- setup -->
        <test-method signature="test7()[pri:7, instance:test.DummyTest@7817fd62]" started-at="2026-02-15T19:34:23 IST" name="test7" finished-at="2026-02-15T19:34:23 IST" duration-ms="0" status="PASS">
          <reporter-output>
          </reporter-output>
        </test-method> <!-- test7 -->
        <test-method is-config="true" signature="setup(java.lang.String)[pri:0, instance:test.DummyTest@7817fd62]" started-at="2026-02-15T19:34:23 IST" name="setup" finished-at="2026-02-15T19:34:26 IST" duration-ms="3097" status="PASS">
          <params>
            <param index="0">
              <value>
                <![CDATA[edge]]>
              </value>
            </param>
          </params>
          <reporter-output>
          </reporter-output>
        </test-method> <!-- setup -->
        <test-method signature="test8()[pri:8, instance:test.DummyTest@7817fd62]" started-at="2026-02-15T19:34:26 IST" name="test8" finished-at="2026-02-15T19:34:26 IST" duration-ms="0" status="PASS">
          <reporter-output>
          </reporter-output>
        </test-method> <!-- test8 -->
        <test-method is-config="true" signature="setup(java.lang.String)[pri:0, instance:test.DummyTest@7817fd62]" started-at="2026-02-15T19:34:26 IST" name="setup" finished-at="2026-02-15T19:34:29 IST" duration-ms="2851" status="PASS">
          <params>
            <param index="0">
              <value>
                <![CDATA[edge]]>
              </value>
            </param>
          </params>
          <reporter-output>
          </reporter-output>
        </test-method> <!-- setup -->
        <test-method signature="test9()[pri:9, instance:test.DummyTest@7817fd62]" started-at="2026-02-15T19:34:29 IST" name="test9" finished-at="2026-02-15T19:34:29 IST" duration-ms="3" status="PASS">
          <reporter-output>
          </reporter-output>
        </test-method> <!-- test9 -->
        <test-method is-config="true" signature="setup(java.lang.String)[pri:0, instance:test.DummyTest@7817fd62]" started-at="2026-02-15T19:34:29 IST" name="setup" finished-at="2026-02-15T19:34:31 IST" duration-ms="2302" status="PASS">
          <params>
            <param index="0">
              <value>
                <![CDATA[edge]]>
              </value>
            </param>
          </params>
          <reporter-output>
          </reporter-output>
        </test-method> <!-- setup -->
        <test-method signature="test10()[pri:10, instance:test.DummyTest@7817fd62]" started-at="2026-02-15T19:34:31 IST" name="test10" finished-at="2026-02-15T19:34:31 IST" duration-ms="9" status="PASS">
          <reporter-output>
          </reporter-output>
        </test-method> <!-- test10 -->
      </class> <!-- test.DummyTest -->
    </test> <!-- Dummy Tests Parallel Run 2 -->
    <test started-at="2026-02-15T19:34:05 IST" name="Dummy Tests Parallel Run 1" finished-at="2026-02-15T19:34:35 IST" duration-ms="30550">
      <class name="test.DummyTest">
        <test-method is-config="true" signature="setup(java.lang.String)[pri:0, instance:test.DummyTest@48f2bd5b]" started-at="2026-02-15T19:34:05 IST" name="setup" finished-at="2026-02-15T19:34:07 IST" duration-ms="2548" status="PASS">
          <params>
            <param index="0">
              <value>
                <![CDATA[chrome]]>
              </value>
            </param>
          </params>
          <reporter-output>
          </reporter-output>
        </test-method> <!-- setup -->
        <test-method signature="test1()[pri:1, instance:test.DummyTest@48f2bd5b]" started-at="2026-02-15T19:34:07 IST" name="test1" finished-at="2026-02-15T19:34:07 IST" duration-ms="18" status="PASS">
          <reporter-output>
          </reporter-output>
        </test-method> <!-- test1 -->
        <test-method is-config="true" signature="setup(java.lang.String)[pri:0, instance:test.DummyTest@48f2bd5b]" started-at="2026-02-15T19:34:07 IST" name="setup" finished-at="2026-02-15T19:34:10 IST" duration-ms="2290" status="PASS">
          <params>
            <param index="0">
              <value>
                <![CDATA[chrome]]>
              </value>
            </param>
          </params>
          <reporter-output>
          </reporter-output>
        </test-method> <!-- setup -->
        <test-method signature="test2()[pri:2, instance:test.DummyTest@48f2bd5b]" started-at="2026-02-15T19:34:10 IST" name="test2" finished-at="2026-02-15T19:34:10 IST" duration-ms="3" status="PASS">
          <reporter-output>
          </reporter-output>
        </test-method> <!-- test2 -->
        <test-method is-config="true" signature="setup(java.lang.String)[pri:0, instance:test.DummyTest@48f2bd5b]" started-at="2026-02-15T19:34:10 IST" name="setup" finished-at="2026-02-15T19:34:12 IST" duration-ms="2573" status="PASS">
          <params>
            <param index="0">
              <value>
                <![CDATA[chrome]]>
              </value>
            </param>
          </params>
          <reporter-output>
          </reporter-output>
        </test-method> <!-- setup -->
        <test-method signature="test3()[pri:3, instance:test.DummyTest@48f2bd5b]" started-at="2026-02-15T19:34:12 IST" name="test3" finished-at="2026-02-15T19:34:12 IST" duration-ms="0" status="PASS">
          <reporter-output>
          </reporter-output>
        </test-method> <!-- test3 -->
        <test-method is-config="true" signature="setup(java.lang.String)[pri:0, instance:test.DummyTest@48f2bd5b]" started-at="2026-02-15T19:34:12 IST" name="setup" finished-at="2026-02-15T19:34:17 IST" duration-ms="4407" status="PASS">
          <params>
            <param index="0">
              <value>
                <![CDATA[chrome]]>
              </value>
            </param>
          </params>
          <reporter-output>
          </reporter-output>
        </test-method> <!-- setup -->
        <test-method signature="loginTest()[pri:5, instance:test.DummyTest@48f2bd5b]" started-at="2026-02-15T19:34:17 IST" name="loginTest" finished-at="2026-02-15T19:34:17 IST" duration-ms="0" status="PASS">
          <reporter-output>
          </reporter-output>
        </test-method> <!-- loginTest -->
        <test-method is-config="true" signature="setup(java.lang.String)[pri:0, instance:test.DummyTest@48f2bd5b]" started-at="2026-02-15T19:34:17 IST" name="setup" finished-at="2026-02-15T19:34:19 IST" duration-ms="2544" status="PASS">
          <params>
            <param index="0">
              <value>
                <![CDATA[chrome]]>
              </value>
            </param>
          </params>
          <reporter-output>
          </reporter-output>
        </test-method> <!-- setup -->
        <test-method signature="dashboardTest()[pri:4, instance:test.DummyTest@48f2bd5b]" started-at="2026-02-15T19:34:19 IST" name="dashboardTest" finished-at="2026-02-15T19:34:19 IST" depends-on-methods="test.DummyTest.loginTest" duration-ms="2" status="PASS">
          <reporter-output>
          </reporter-output>
        </test-method> <!-- dashboardTest -->
        <test-method is-config="true" signature="setup(java.lang.String)[pri:0, instance:test.DummyTest@48f2bd5b]" started-at="2026-02-15T19:34:19 IST" name="setup" finished-at="2026-02-15T19:34:23 IST" duration-ms="3696" status="PASS">
          <params>
            <param index="0">
              <value>
                <![CDATA[chrome]]>
              </value>
            </param>
          </params>
          <reporter-output>
          </reporter-output>
        </test-method> <!-- setup -->
        <test-method signature="profileTest()[pri:6, instance:test.DummyTest@48f2bd5b]" started-at="2026-02-15T19:34:23 IST" name="profileTest" finished-at="2026-02-15T19:34:23 IST" depends-on-methods="test.DummyTest.dashboardTest" duration-ms="7" status="PASS">
          <reporter-output>
          </reporter-output>
        </test-method> <!-- profileTest -->
        <test-method is-config="true" signature="setup(java.lang.String)[pri:0, instance:test.DummyTest@48f2bd5b]" started-at="2026-02-15T19:34:23 IST" name="setup" finished-at="2026-02-15T19:34:25 IST" duration-ms="2179" status="PASS">
          <params>
            <param index="0">
              <value>
                <![CDATA[chrome]]>
              </value>
            </param>
          </params>
          <reporter-output>
          </reporter-output>
        </test-method> <!-- setup -->
        <test-method signature="test7()[pri:7, instance:test.DummyTest@48f2bd5b]" started-at="2026-02-15T19:34:25 IST" name="test7" finished-at="2026-02-15T19:34:25 IST" duration-ms="0" status="PASS">
          <reporter-output>
          </reporter-output>
        </test-method> <!-- test7 -->
        <test-method is-config="true" signature="setup(java.lang.String)[pri:0, instance:test.DummyTest@48f2bd5b]" started-at="2026-02-15T19:34:25 IST" name="setup" finished-at="2026-02-15T19:34:29 IST" duration-ms="4396" status="PASS">
          <params>
            <param index="0">
              <value>
                <![CDATA[chrome]]>
              </value>
            </param>
          </params>
          <reporter-output>
          </reporter-output>
        </test-method> <!-- setup -->
        <test-method signature="test8()[pri:8, instance:test.DummyTest@48f2bd5b]" started-at="2026-02-15T19:34:29 IST" name="test8" finished-at="2026-02-15T19:34:29 IST" duration-ms="0" status="PASS">
          <reporter-output>
          </reporter-output>
        </test-method> <!-- test8 -->
        <test-method is-config="true" signature="setup(java.lang.String)[pri:0, instance:test.DummyTest@48f2bd5b]" started-at="2026-02-15T19:34:29 IST" name="setup" finished-at="2026-02-15T19:34:32 IST" duration-ms="2814" status="PASS">
          <params>
            <param index="0">
              <value>
                <![CDATA[chrome]]>
              </value>
            </param>
          </params>
          <reporter-output>
          </reporter-output>
        </test-method> <!-- setup -->
        <test-method signature="test9()[pri:9, instance:test.DummyTest@48f2bd5b]" started-at="2026-02-15T19:34:32 IST" name="test9" finished-at="2026-02-15T19:34:32 IST" duration-ms="1" status="PASS">
          <reporter-output>
          </reporter-output>
        </test-method> <!-- test9 -->
        <test-method is-config="true" signature="setup(java.lang.String)[pri:0, instance:test.DummyTest@48f2bd5b]" started-at="2026-02-15T19:34:32 IST" name="setup" finished-at="2026-02-15T19:34:35 IST" duration-ms="2979" status="PASS">
          <params>
            <param index="0">
              <value>
                <![CDATA[chrome]]>
              </value>
            </param>
          </params>
          <reporter-output>
          </reporter-output>
        </test-method> <!-- setup -->
        <test-method signature="test10()[pri:10, instance:test.DummyTest@48f2bd5b]" started-at="2026-02-15T19:34:35 IST" name="test10" finished-at="2026-02-15T19:34:35 IST" duration-ms="3" status="PASS">
          <reporter-output>
          </reporter-output>
        </test-method> <!-- test10 -->
      </class> <!-- test.DummyTest -->
    </test> <!-- Dummy Tests Parallel Run 1 -->
  </suite> <!-- POM-Suite -->
</testng-results>
