<?xml version="1.0" encoding="UTF-8"?>
<!-- Generated by org.testng.reporters.JUnitReportReporter -->
<testsuite hostname="WKWEJ935629579" failures="0" tests="20" name="test.DummyTest" time="56.790" errors="0" timestamp="2026-02-15T19:34:36 IST" skipped="0">
  <testcase classname="test.DummyTest" name="test1" time="2.308"/>
  <testcase classname="test.DummyTest" name="test1" time="2.663"/>
  <testcase classname="test.DummyTest" name="test2" time="2.754"/>
  <testcase classname="test.DummyTest" name="test2" time="2.817"/>
  <testcase classname="test.DummyTest" name="test3" time="4.407"/>
  <testcase classname="test.DummyTest" name="test3" time="2.708"/>
  <testcase classname="test.DummyTest" name="dashboardTest" time="2.546"/>
  <testcase classname="test.DummyTest" name="dashboardTest" time="2.560"/>
  <testcase classname="test.DummyTest" name="loginTest" time="2.857"/>
  <testcase classname="test.DummyTest" name="loginTest" time="3.696"/>
  <testcase classname="test.DummyTest" name="profileTest" time="4.403"/>
  <testcase classname="test.DummyTest" name="profileTest" time="2.140"/>
  <testcase classname="test.DummyTest" name="test7" time="2.468"/>
  <testcase classname="test.DummyTest" name="test7" time="2.548"/>
  <testcase classname="test.DummyTest" name="test8" time="2.573"/>
  <testcase classname="test.DummyTest" name="test8" time="2.769"/>
  <testcase classname="test.DummyTest" name="test9" time="3.100"/>
  <testcase classname="test.DummyTest" name="test9" time="2.180"/>
  <testcase classname="test.DummyTest" name="test10" time="2.982"/>
  <testcase classname="test.DummyTest" name="test10" time="2.311"/>
</testsuite> <!-- test.DummyTest -->
