<?xml version="1.0" encoding="UTF-8"?>
<!-- Generated by org.testng.reporters.JUnitXMLReporter -->
<testsuite ignored="0" hostname="WKWEJ935629579" failures="0" tests="10" name="Dummy Tests Parallel Run 2" time="26.406" errors="0" timestamp="2026-02-15T19:34:31 IST">
  <testcase classname="test.DummyTest" name="test1" time="0.011"/>
  <testcase classname="test.DummyTest" name="test2" time="0.003"/>
  <testcase classname="test.DummyTest" name="test3" time="0.007"/>
  <testcase classname="test.DummyTest" name="loginTest" time="0.006"/>
  <testcase classname="test.DummyTest" name="dashboardTest" time="0.003"/>
  <testcase classname="test.DummyTest" name="profileTest" time="0.0"/>
  <testcase classname="test.DummyTest" name="test7" time="0.0"/>
  <testcase classname="test.DummyTest" name="test8" time="0.0"/>
  <testcase classname="test.DummyTest" name="test9" time="0.003"/>
  <testcase classname="test.DummyTest" name="test10" time="0.009"/>
</testsuite> <!-- Dummy Tests Parallel Run 2 -->
